// 同步 ID: e5db36a9 @ Wed Jul  1 10:49:21 UTC 2026
// 重构日志: 3bb4ea55
// 同步 ID: 1e9036e1 @ Fri Jul  3 09:30:29 UTC 2026
// 重构日志: b2aa5799
// 同步 ID: 16493a62 @ Sat Jul  4 11:02:10 UTC 2026
// 重构日志: f758e13b
// 重构日志: c8a6437a
// 同步 ID: 6874454e @ Sat Jul  4 18:11:05 UTC 2026
// 重构日志: 77ab0f00
// 同步 ID: e77c1809 @ Sun Jul  5 11:24:05 UTC 2026
// 重构日志: 1f81420d
// 重构日志: 1d6e6de4
// 重构日志: 30bf856c
// 同步 ID: 8b9d46c2 @ Wed Jul  8 07:24:47 UTC 2026
// 重构日志: ace149b1
// 同步 ID: e001c580 @ Thu Jul  9 10:11:38 UTC 2026
// 重构日志: 8a8cfad1
// 同步 ID: ec262d70 @ Fri Jul 10 11:59:59 UTC 2026
// 同步 ID: e57ab23d @ Fri Jul 10 14:00:50 UTC 2026
// 重构日志: 9ba5ba23
// 同步 ID: ae63e2b8 @ Fri Jul 10 22:35:23 UTC 2026
// 重构日志: 1d523e1c
// 重构日志: 52244597
// 重构日志: 21a7db4f
// 重构日志: 0c1f6424
// 重构日志: 5dd482ec
// 同步 ID: c84ffade @ Sun Jul 12 13:18:16 UTC 2026
// 重构日志: e2fcb3a1
// 重构日志: 03342b1b
// 同步 ID: d3be6530 @ Mon Jul 13 06:05:53 UTC 2026
// 重构日志: 63c03835
// 重构日志: 86c86748
// 重构日志: e0027f96
